Determining if the pthread_create exist failed with the following output:
Change Dir: /home/ur5/catkin_ws/build/CMakeFiles/CMakeTmp

Run Build Command:"/usr/bin/make" "cmTC_36a31/fast"
/usr/bin/make -f CMakeFiles/cmTC_36a31.dir/build.make CMakeFiles/cmTC_36a31.dir/build
make[1]: Entering directory '/home/ur5/catkin_ws/build/CMakeFiles/CMakeTmp'
Building C object CMakeFiles/cmTC_36a31.dir/CheckSymbolExists.c.o
/usr/bin/cc    -o CMakeFiles/cmTC_36a31.dir/CheckSymbolExists.c.o   -c /home/ur5/catkin_ws/build/CMakeFiles/CMakeTmp/CheckSymbolExists.c
Linking C executable cmTC_36a31
/usr/bin/cmake -E cmake_link_script CMakeFiles/cmTC_36a31.dir/link.txt --verbose=1
/usr/bin/cc      -rdynamic CMakeFiles/cmTC_36a31.dir/CheckSymbolExists.c.o  -o cmTC_36a31 
CMakeFiles/cmTC_36a31.dir/CheckSymbolExists.c.o: In function `main':
CheckSymbolExists.c:(.text+0x1b): undefined reference to `pthread_create'
collect2: error: ld returned 1 exit status
CMakeFiles/cmTC_36a31.dir/build.make:97: recipe for target 'cmTC_36a31' failed
make[1]: *** [cmTC_36a31] Error 1
make[1]: Leaving directory '/home/ur5/catkin_ws/build/CMakeFiles/CMakeTmp'
Makefile:126: recipe for target 'cmTC_36a31/fast' failed
make: *** [cmTC_36a31/fast] Error 2

File /home/ur5/catkin_ws/build/CMakeFiles/CMakeTmp/CheckSymbolExists.c:
/* */
#include <pthread.h>

int main(int argc, char** argv)
{
  (void)argv;
#ifndef pthread_create
  return ((int*)(&pthread_create))[argc];
#else
  (void)argc;
  return 0;
#endif
}

Determining if the function pthread_create exists in the pthreads failed with the following output:
Change Dir: /home/ur5/catkin_ws/build/CMakeFiles/CMakeTmp

Run Build Command:"/usr/bin/make" "cmTC_d1f9b/fast"
/usr/bin/make -f CMakeFiles/cmTC_d1f9b.dir/build.make CMakeFiles/cmTC_d1f9b.dir/build
make[1]: Entering directory '/home/ur5/catkin_ws/build/CMakeFiles/CMakeTmp'
Building C object CMakeFiles/cmTC_d1f9b.dir/CheckFunctionExists.c.o
/usr/bin/cc   -DCHECK_FUNCTION_EXISTS=pthread_create   -o CMakeFiles/cmTC_d1f9b.dir/CheckFunctionExists.c.o   -c /usr/share/cmake-3.10/Modules/CheckFunctionExists.c
Linking C executable cmTC_d1f9b
/usr/bin/cmake -E cmake_link_script CMakeFiles/cmTC_d1f9b.dir/link.txt --verbose=1
/usr/bin/cc  -DCHECK_FUNCTION_EXISTS=pthread_create    -rdynamic CMakeFiles/cmTC_d1f9b.dir/CheckFunctionExists.c.o  -o cmTC_d1f9b -lpthreads 
/usr/bin/ld: cannot find -lpthreads
collect2: error: ld returned 1 exit status
CMakeFiles/cmTC_d1f9b.dir/build.make:97: recipe for target 'cmTC_d1f9b' failed
make[1]: *** [cmTC_d1f9b] Error 1
make[1]: Leaving directory '/home/ur5/catkin_ws/build/CMakeFiles/CMakeTmp'
Makefile:126: recipe for target 'cmTC_d1f9b/fast' failed
make: *** [cmTC_d1f9b/fast] Error 2


